<?xml version="1.0" encoding="UTF-8"?>
<!-- Generated by org.testng.reporters.JUnitReportReporter -->
<testsuite hostname="DESKTOP-MCEU9RJ" name="examples.Scrollbar1" tests="1" failures="0" timestamp="4 Feb 2019 11:20:56 GMT" time="64.463" errors="0">
  <testcase name="ByPixel" time="64.463" classname="examples.Scrollbar1"/>
</testsuite> <!-- examples.Scrollbar1 -->
