<?xml version="1.0" encoding="UTF-8"?>
<!-- Generated by org.testng.reporters.JUnitReportReporter -->
<testsuite hostname="DESKTOP-MCEU9RJ" name="examples.Scroll4" tests="1" failures="0" timestamp="4 Feb 2019 11:39:29 GMT" time="11.479" errors="0">
  <testcase name="ScrollHorizontally" time="11.479" classname="examples.Scroll4"/>
</testsuite> <!-- examples.Scroll4 -->
